2018-11-28 11:14:36.389  INFO 1144 --- [main] a.honorrollrss.HonorrollRssApplication   : Starting HonorrollRssApplication on igogo with PID 1144 (C:\Users\user\Documents\Projects\honorroll-rss\target\classes started by user in C:\Users\user\Documents\Projects\honorroll-rss)
2018-11-28 11:14:36.436  INFO 1144 --- [main] a.honorrollrss.HonorrollRssApplication   : No active profile set, falling back to default profiles: default
2018-11-28 11:14:38.599  INFO 1144 --- [main] .s.d.r.c.RepositoryConfigurationDelegate : Bootstrapping Spring Data repositories in DEFAULT mode.
2018-11-28 11:14:38.724  INFO 1144 --- [main] .s.d.r.c.RepositoryConfigurationDelegate : Finished Spring Data repository scanning in 110ms. Found 1 repository interfaces.
2018-11-28 11:14:39.180  INFO 1144 --- [main] trationDelegate$BeanPostProcessorChecker : Bean 'org.springframework.transaction.annotation.ProxyTransactionManagementConfiguration' of type [org.springframework.transaction.annotation.ProxyTransactionManagementConfiguration$$EnhancerBySpringCGLIB$$58a813e2] is not eligible for getting processed by all BeanPostProcessors (for example: not eligible for auto-proxying)
2018-11-28 11:14:39.704  INFO 1144 --- [main] o.s.b.w.embedded.tomcat.TomcatWebServer  : Tomcat initialized with port(s): 80 (http)
2018-11-28 11:14:39.753  INFO 1144 --- [main] o.apache.catalina.core.StandardService   : Starting service [Tomcat]
2018-11-28 11:14:39.753  INFO 1144 --- [main] org.apache.catalina.core.StandardEngine  : Starting Servlet Engine: Apache Tomcat/9.0.12
2018-11-28 11:14:39.768  INFO 1144 --- [main] o.a.catalina.core.AprLifecycleListener   : The APR based Apache Tomcat Native library which allows optimal performance in production environments was not found on the java.library.path: [C:\Program Files\Zulu\zulu-8\bin;C:\Windows\Sun\Java\bin;C:\Windows\system32;C:\Windows;C:\Python27\;C:\Python27\Scripts;C:\ProgramData\Boxstarter;C:\Windows\system32;C:\Windows;C:\Windows\System32\Wbem;C:\Windows\System32\WindowsPowerShell\v1.0\;C:\Windows\System32\OpenSSH\;C:\Program Files\Zulu\zulu-8\bin\;C:\Program Files\nodejs\;C:\ProgramData\chocolatey\bin;C:\HashiCorp\Vagrant\bin;C:\Users\user\AppData\Local\Microsoft\WindowsApps;;C:\Users\user\AppData\Local\Programs\Microsoft VS Code\bin;C:\Users\user\AppData\Roaming\npm;.]
2018-11-28 11:14:39.909  INFO 1144 --- [main] o.a.c.c.C.[Tomcat].[localhost].[/]       : Initializing Spring embedded WebApplicationContext
2018-11-28 11:14:39.909  INFO 1144 --- [main] o.s.web.context.ContextLoader            : Root WebApplicationContext: initialization completed in 3331 ms
2018-11-28 11:14:39.940  INFO 1144 --- [main] o.s.b.w.servlet.ServletRegistrationBean  : Servlet dispatcherServlet mapped to [/]
2018-11-28 11:14:39.940  INFO 1144 --- [main] o.s.b.w.servlet.FilterRegistrationBean   : Mapping filter: 'characterEncodingFilter' to: [/*]
2018-11-28 11:14:39.940  INFO 1144 --- [main] o.s.b.w.servlet.FilterRegistrationBean   : Mapping filter: 'hiddenHttpMethodFilter' to: [/*]
2018-11-28 11:14:39.940  INFO 1144 --- [main] o.s.b.w.servlet.FilterRegistrationBean   : Mapping filter: 'formContentFilter' to: [/*]
2018-11-28 11:14:39.940  INFO 1144 --- [main] o.s.b.w.servlet.FilterRegistrationBean   : Mapping filter: 'requestContextFilter' to: [/*]
2018-11-28 11:14:40.175  INFO 1144 --- [main] com.zaxxer.hikari.HikariDataSource       : HikariPool-1 - Starting...
2018-11-28 11:14:40.362  INFO 1144 --- [main] com.zaxxer.hikari.HikariDataSource       : HikariPool-1 - Start completed.
2018-11-28 11:14:40.498  INFO 1144 --- [main] o.hibernate.jpa.internal.util.LogHelper  : HHH000204: Processing PersistenceUnitInfo [
	name: default
	...]
2018-11-28 11:14:40.609  INFO 1144 --- [main] org.hibernate.Version                    : HHH000412: Hibernate Core {5.3.7.Final}
2018-11-28 11:14:40.609  INFO 1144 --- [main] org.hibernate.cfg.Environment            : HHH000206: hibernate.properties not found
2018-11-28 11:14:40.797  INFO 1144 --- [main] o.hibernate.annotations.common.Version   : HCANN000001: Hibernate Commons Annotations {5.0.4.Final}
2018-11-28 11:14:40.969  INFO 1144 --- [main] org.hibernate.dialect.Dialect            : HHH000400: Using dialect: org.hibernate.dialect.H2Dialect
2018-11-28 11:14:41.710  INFO 1144 --- [main] o.h.t.schema.internal.SchemaCreatorImpl  : HHH000476: Executing import script 'org.hibernate.tool.schema.internal.exec.ScriptSourceInputNonExistentImpl@153cb763'
2018-11-28 11:14:41.726  INFO 1144 --- [main] j.LocalContainerEntityManagerFactoryBean : Initialized JPA EntityManagerFactory for persistence unit 'default'
2018-11-28 11:14:42.823  INFO 1144 --- [main] o.s.s.concurrent.ThreadPoolTaskExecutor  : Initializing ExecutorService 'applicationTaskExecutor'
2018-11-28 11:14:43.058  WARN 1144 --- [main] aWebConfiguration$JpaWebMvcConfiguration : spring.jpa.open-in-view is enabled by default. Therefore, database queries may be performed during view rendering. Explicitly configure spring.jpa.open-in-view to disable this warning
2018-11-28 11:14:43.339  INFO 1144 --- [main] o.s.b.w.embedded.tomcat.TomcatWebServer  : Tomcat started on port(s): 80 (http) with context path ''
2018-11-28 11:14:43.339  INFO 1144 --- [main] a.honorrollrss.HonorrollRssApplication   : Started HonorrollRssApplication in 7.61 seconds (JVM running for 8.468)
2018-11-28 11:14:43.448  INFO 1144 --- [main] o.h.h.i.QueryTranslatorFactoryInitiator  : HHH000397: Using ASTQueryTranslatorFactory
2018-11-28 11:14:45.537  INFO 1144 --- [main] o.s.s.concurrent.ThreadPoolTaskExecutor  : Shutting down ExecutorService 'applicationTaskExecutor'
2018-11-28 11:14:45.537  INFO 1144 --- [main] j.LocalContainerEntityManagerFactoryBean : Closing JPA EntityManagerFactory for persistence unit 'default'
2018-11-28 11:14:45.537  INFO 1144 --- [main] .SchemaDropperImpl$DelayedDropActionImpl : HHH000477: Starting delayed evictData of schema as part of SessionFactory shut-down'
2018-11-28 11:14:45.537  INFO 1144 --- [main] com.zaxxer.hikari.HikariDataSource       : HikariPool-1 - Shutdown initiated...
2018-11-28 11:14:45.553  INFO 1144 --- [main] com.zaxxer.hikari.HikariDataSource       : HikariPool-1 - Shutdown completed.
2018-11-28 11:22:15.001  INFO 72 --- [main] a.honorrollrss.HonorrollRssApplication   : Starting HonorrollRssApplication on igogo with PID 72 (C:\Users\user\Documents\Projects\honorroll-rss\target\classes started by user in C:\Users\user\Documents\Projects\honorroll-rss)
2018-11-28 11:22:15.001  INFO 72 --- [main] a.honorrollrss.HonorrollRssApplication   : No active profile set, falling back to default profiles: default
2018-11-28 11:22:16.113  INFO 72 --- [main] .s.d.r.c.RepositoryConfigurationDelegate : Bootstrapping Spring Data repositories in DEFAULT mode.
2018-11-28 11:22:16.271  INFO 72 --- [main] .s.d.r.c.RepositoryConfigurationDelegate : Finished Spring Data repository scanning in 140ms. Found 1 repository interfaces.
2018-11-28 11:22:16.774  INFO 72 --- [main] trationDelegate$BeanPostProcessorChecker : Bean 'org.springframework.transaction.annotation.ProxyTransactionManagementConfiguration' of type [org.springframework.transaction.annotation.ProxyTransactionManagementConfiguration$$EnhancerBySpringCGLIB$$7b5619fb] is not eligible for getting processed by all BeanPostProcessors (for example: not eligible for auto-proxying)
2018-11-28 11:22:17.385  INFO 72 --- [main] o.s.b.w.embedded.tomcat.TomcatWebServer  : Tomcat initialized with port(s): 80 (http)
2018-11-28 11:22:17.401  INFO 72 --- [main] o.apache.catalina.core.StandardService   : Starting service [Tomcat]
2018-11-28 11:22:17.417  INFO 72 --- [main] org.apache.catalina.core.StandardEngine  : Starting Servlet Engine: Apache Tomcat/9.0.12
2018-11-28 11:22:17.417  INFO 72 --- [main] o.a.catalina.core.AprLifecycleListener   : The APR based Apache Tomcat Native library which allows optimal performance in production environments was not found on the java.library.path: [C:\Program Files\Zulu\zulu-8\bin;C:\Windows\Sun\Java\bin;C:\Windows\system32;C:\Windows;C:\Python27\;C:\Python27\Scripts;C:\ProgramData\Boxstarter;C:\Windows\system32;C:\Windows;C:\Windows\System32\Wbem;C:\Windows\System32\WindowsPowerShell\v1.0\;C:\Windows\System32\OpenSSH\;C:\Program Files\Zulu\zulu-8\bin\;C:\Program Files\nodejs\;C:\ProgramData\chocolatey\bin;C:\HashiCorp\Vagrant\bin;C:\Users\user\AppData\Local\Microsoft\WindowsApps;;C:\Users\user\AppData\Local\Programs\Microsoft VS Code\bin;C:\Users\user\AppData\Roaming\npm;.]
2018-11-28 11:22:17.576  INFO 72 --- [main] o.a.c.c.C.[Tomcat].[localhost].[/]       : Initializing Spring embedded WebApplicationContext
2018-11-28 11:22:17.576  INFO 72 --- [main] o.s.web.context.ContextLoader            : Root WebApplicationContext: initialization completed in 2463 ms
2018-11-28 11:22:17.623  INFO 72 --- [main] o.s.b.w.servlet.ServletRegistrationBean  : Servlet dispatcherServlet mapped to [/]
2018-11-28 11:22:17.638  INFO 72 --- [main] o.s.b.w.servlet.FilterRegistrationBean   : Mapping filter: 'characterEncodingFilter' to: [/*]
2018-11-28 11:22:17.638  INFO 72 --- [main] o.s.b.w.servlet.FilterRegistrationBean   : Mapping filter: 'hiddenHttpMethodFilter' to: [/*]
2018-11-28 11:22:17.638  INFO 72 --- [main] o.s.b.w.servlet.FilterRegistrationBean   : Mapping filter: 'formContentFilter' to: [/*]
2018-11-28 11:22:17.638  INFO 72 --- [main] o.s.b.w.servlet.FilterRegistrationBean   : Mapping filter: 'requestContextFilter' to: [/*]
2018-11-28 11:22:17.841  INFO 72 --- [main] com.zaxxer.hikari.HikariDataSource       : HikariPool-1 - Starting...
2018-11-28 11:22:18.044  INFO 72 --- [main] com.zaxxer.hikari.HikariDataSource       : HikariPool-1 - Start completed.
2018-11-28 11:22:18.140  INFO 72 --- [main] o.hibernate.jpa.internal.util.LogHelper  : HHH000204: Processing PersistenceUnitInfo [
	name: default
	...]
2018-11-28 11:22:18.234  INFO 72 --- [main] org.hibernate.Version                    : HHH000412: Hibernate Core {5.3.7.Final}
2018-11-28 11:22:18.234  INFO 72 --- [main] org.hibernate.cfg.Environment            : HHH000206: hibernate.properties not found
2018-11-28 11:22:18.421  INFO 72 --- [main] o.hibernate.annotations.common.Version   : HCANN000001: Hibernate Commons Annotations {5.0.4.Final}
2018-11-28 11:22:18.594  INFO 72 --- [main] org.hibernate.dialect.Dialect            : HHH000400: Using dialect: org.hibernate.dialect.H2Dialect
2018-11-28 11:22:19.282  INFO 72 --- [main] o.h.t.schema.internal.SchemaCreatorImpl  : HHH000476: Executing import script 'org.hibernate.tool.schema.internal.exec.ScriptSourceInputNonExistentImpl@715fa8c5'
2018-11-28 11:22:19.298  INFO 72 --- [main] j.LocalContainerEntityManagerFactoryBean : Initialized JPA EntityManagerFactory for persistence unit 'default'
2018-11-28 11:22:20.427  INFO 72 --- [main] o.s.s.concurrent.ThreadPoolTaskExecutor  : Initializing ExecutorService 'applicationTaskExecutor'
2018-11-28 11:22:20.702  WARN 72 --- [main] aWebConfiguration$JpaWebMvcConfiguration : spring.jpa.open-in-view is enabled by default. Therefore, database queries may be performed during view rendering. Explicitly configure spring.jpa.open-in-view to disable this warning
2018-11-28 11:22:21.077  INFO 72 --- [main] o.s.b.w.embedded.tomcat.TomcatWebServer  : Tomcat started on port(s): 80 (http) with context path ''
2018-11-28 11:22:21.092  INFO 72 --- [main] a.honorrollrss.HonorrollRssApplication   : Started HonorrollRssApplication in 6.638 seconds (JVM running for 7.331)
2018-11-28 11:22:21.202  INFO 72 --- [main] o.h.h.i.QueryTranslatorFactoryInitiator  : HHH000397: Using ASTQueryTranslatorFactory
2018-11-28 11:22:23.156  INFO 72 --- [main] o.s.s.concurrent.ThreadPoolTaskExecutor  : Shutting down ExecutorService 'applicationTaskExecutor'
2018-11-28 11:22:23.156  INFO 72 --- [main] j.LocalContainerEntityManagerFactoryBean : Closing JPA EntityManagerFactory for persistence unit 'default'
2018-11-28 11:22:23.156  INFO 72 --- [main] .SchemaDropperImpl$DelayedDropActionImpl : HHH000477: Starting delayed evictData of schema as part of SessionFactory shut-down'
2018-11-28 11:22:23.177  INFO 72 --- [main] com.zaxxer.hikari.HikariDataSource       : HikariPool-1 - Shutdown initiated...
2018-11-28 11:22:23.177  INFO 72 --- [main] com.zaxxer.hikari.HikariDataSource       : HikariPool-1 - Shutdown completed.
2018-11-28 11:23:00.989  INFO 8032 --- [main] a.honorrollrss.HonorrollRssApplication   : Starting HonorrollRssApplication on igogo with PID 8032 (C:\Users\user\Documents\Projects\honorroll-rss\target\classes started by user in C:\Users\user\Documents\Projects\honorroll-rss)
2018-11-28 11:23:00.989  INFO 8032 --- [main] a.honorrollrss.HonorrollRssApplication   : No active profile set, falling back to default profiles: default
2018-11-28 11:23:02.142  INFO 8032 --- [main] .s.d.r.c.RepositoryConfigurationDelegate : Bootstrapping Spring Data repositories in DEFAULT mode.
2018-11-28 11:23:02.220  INFO 8032 --- [main] .s.d.r.c.RepositoryConfigurationDelegate : Finished Spring Data repository scanning in 62ms. Found 1 repository interfaces.
2018-11-28 11:23:02.677  INFO 8032 --- [main] trationDelegate$BeanPostProcessorChecker : Bean 'org.springframework.transaction.annotation.ProxyTransactionManagementConfiguration' of type [org.springframework.transaction.annotation.ProxyTransactionManagementConfiguration$$EnhancerBySpringCGLIB$$58a813e2] is not eligible for getting processed by all BeanPostProcessors (for example: not eligible for auto-proxying)
2018-11-28 11:23:03.210  INFO 8032 --- [main] o.s.b.w.embedded.tomcat.TomcatWebServer  : Tomcat initialized with port(s): 80 (http)
2018-11-28 11:23:03.225  INFO 8032 --- [main] o.apache.catalina.core.StandardService   : Starting service [Tomcat]
2018-11-28 11:23:03.225  INFO 8032 --- [main] org.apache.catalina.core.StandardEngine  : Starting Servlet Engine: Apache Tomcat/9.0.12
2018-11-28 11:23:03.257  INFO 8032 --- [main] o.a.catalina.core.AprLifecycleListener   : The APR based Apache Tomcat Native library which allows optimal performance in production environments was not found on the java.library.path: [C:\Program Files\Zulu\zulu-8\bin;C:\Windows\Sun\Java\bin;C:\Windows\system32;C:\Windows;C:\Python27\;C:\Python27\Scripts;C:\ProgramData\Boxstarter;C:\Windows\system32;C:\Windows;C:\Windows\System32\Wbem;C:\Windows\System32\WindowsPowerShell\v1.0\;C:\Windows\System32\OpenSSH\;C:\Program Files\Zulu\zulu-8\bin\;C:\Program Files\nodejs\;C:\ProgramData\chocolatey\bin;C:\HashiCorp\Vagrant\bin;C:\Users\user\AppData\Local\Microsoft\WindowsApps;;C:\Users\user\AppData\Local\Programs\Microsoft VS Code\bin;C:\Users\user\AppData\Roaming\npm;.]
2018-11-28 11:23:03.397  INFO 8032 --- [main] o.a.c.c.C.[Tomcat].[localhost].[/]       : Initializing Spring embedded WebApplicationContext
2018-11-28 11:23:03.397  INFO 8032 --- [main] o.s.web.context.ContextLoader            : Root WebApplicationContext: initialization completed in 2229 ms
2018-11-28 11:23:03.444  INFO 8032 --- [main] o.s.b.w.servlet.ServletRegistrationBean  : Servlet dispatcherServlet mapped to [/]
2018-11-28 11:23:03.444  INFO 8032 --- [main] o.s.b.w.servlet.FilterRegistrationBean   : Mapping filter: 'characterEncodingFilter' to: [/*]
2018-11-28 11:23:03.444  INFO 8032 --- [main] o.s.b.w.servlet.FilterRegistrationBean   : Mapping filter: 'hiddenHttpMethodFilter' to: [/*]
2018-11-28 11:23:03.444  INFO 8032 --- [main] o.s.b.w.servlet.FilterRegistrationBean   : Mapping filter: 'formContentFilter' to: [/*]
2018-11-28 11:23:03.444  INFO 8032 --- [main] o.s.b.w.servlet.FilterRegistrationBean   : Mapping filter: 'requestContextFilter' to: [/*]
2018-11-28 11:23:03.663  INFO 8032 --- [main] com.zaxxer.hikari.HikariDataSource       : HikariPool-1 - Starting...
2018-11-28 11:23:03.913  INFO 8032 --- [main] com.zaxxer.hikari.HikariDataSource       : HikariPool-1 - Start completed.
2018-11-28 11:23:03.992  INFO 8032 --- [main] o.hibernate.jpa.internal.util.LogHelper  : HHH000204: Processing PersistenceUnitInfo [
	name: default
	...]
2018-11-28 11:23:04.085  INFO 8032 --- [main] org.hibernate.Version                    : HHH000412: Hibernate Core {5.3.7.Final}
2018-11-28 11:23:04.085  INFO 8032 --- [main] org.hibernate.cfg.Environment            : HHH000206: hibernate.properties not found
2018-11-28 11:23:04.288  INFO 8032 --- [main] o.hibernate.annotations.common.Version   : HCANN000001: Hibernate Commons Annotations {5.0.4.Final}
2018-11-28 11:23:04.460  INFO 8032 --- [main] org.hibernate.dialect.Dialect            : HHH000400: Using dialect: org.hibernate.dialect.H2Dialect
2018-11-28 11:23:05.166  INFO 8032 --- [main] o.h.t.schema.internal.SchemaCreatorImpl  : HHH000476: Executing import script 'org.hibernate.tool.schema.internal.exec.ScriptSourceInputNonExistentImpl@153cb763'
2018-11-28 11:23:05.166  INFO 8032 --- [main] j.LocalContainerEntityManagerFactoryBean : Initialized JPA EntityManagerFactory for persistence unit 'default'
2018-11-28 11:23:06.127  INFO 8032 --- [main] o.s.s.concurrent.ThreadPoolTaskExecutor  : Initializing ExecutorService 'applicationTaskExecutor'
2018-11-28 11:23:06.409  WARN 8032 --- [main] aWebConfiguration$JpaWebMvcConfiguration : spring.jpa.open-in-view is enabled by default. Therefore, database queries may be performed during view rendering. Explicitly configure spring.jpa.open-in-view to disable this warning
2018-11-28 11:23:06.706  INFO 8032 --- [main] o.s.b.w.embedded.tomcat.TomcatWebServer  : Tomcat started on port(s): 80 (http) with context path ''
2018-11-28 11:23:06.722  INFO 8032 --- [main] a.honorrollrss.HonorrollRssApplication   : Started HonorrollRssApplication in 6.299 seconds (JVM running for 6.963)
2018-11-28 11:23:06.867  INFO 8032 --- [main] o.h.h.i.QueryTranslatorFactoryInitiator  : HHH000397: Using ASTQueryTranslatorFactory
2018-11-28 11:23:08.760  INFO 8032 --- [main] o.s.s.concurrent.ThreadPoolTaskExecutor  : Shutting down ExecutorService 'applicationTaskExecutor'
2018-11-28 11:23:08.760  INFO 8032 --- [main] j.LocalContainerEntityManagerFactoryBean : Closing JPA EntityManagerFactory for persistence unit 'default'
2018-11-28 11:23:08.760  INFO 8032 --- [main] .SchemaDropperImpl$DelayedDropActionImpl : HHH000477: Starting delayed evictData of schema as part of SessionFactory shut-down'
2018-11-28 11:23:08.760  INFO 8032 --- [main] com.zaxxer.hikari.HikariDataSource       : HikariPool-1 - Shutdown initiated...
2018-11-28 11:23:08.760  INFO 8032 --- [main] com.zaxxer.hikari.HikariDataSource       : HikariPool-1 - Shutdown completed.
2018-11-28 11:35:41.432  WARN 4884 --- [main] ory$DuplicateJsonObjectContextCustomizer : 

Found multiple occurrences of org.json.JSONObject on the class path:

	jar:file:/C:/Users/user/.m2/repository/com/vaadin/external/google/android-json/0.0.20131108.vaadin1/android-json-0.0.20131108.vaadin1.jar!/org/json/JSONObject.class
	jar:file:/C:/Users/user/.m2/repository/org/json/json/20140107/json-20140107.jar!/org/json/JSONObject.class

You may wish to exclude one of them to ensure predictable runtime behavior

2018-11-28 11:35:41.448  INFO 4884 --- [main] a.h.HonorrollRssApplicationTests         : Starting HonorrollRssApplicationTests on igogo with PID 4884 (started by user in C:\Users\user\Documents\Projects\honorroll-rss)
2018-11-28 11:35:41.448  INFO 4884 --- [main] a.h.HonorrollRssApplicationTests         : No active profile set, falling back to default profiles: default
2018-11-28 11:35:42.388  INFO 4884 --- [main] .s.d.r.c.RepositoryConfigurationDelegate : Bootstrapping Spring Data repositories in DEFAULT mode.
2018-11-28 11:35:42.466  INFO 4884 --- [main] .s.d.r.c.RepositoryConfigurationDelegate : Finished Spring Data repository scanning in 62ms. Found 1 repository interfaces.
2018-11-28 11:35:42.951  INFO 4884 --- [main] trationDelegate$BeanPostProcessorChecker : Bean 'org.springframework.transaction.annotation.ProxyTransactionManagementConfiguration' of type [org.springframework.transaction.annotation.ProxyTransactionManagementConfiguration$$EnhancerBySpringCGLIB$$4b71926e] is not eligible for getting processed by all BeanPostProcessors (for example: not eligible for auto-proxying)
2018-11-28 11:35:43.238  INFO 4884 --- [main] com.zaxxer.hikari.HikariDataSource       : HikariPool-1 - Starting...
2018-11-28 11:35:43.519  INFO 4884 --- [main] com.zaxxer.hikari.HikariDataSource       : HikariPool-1 - Start completed.
2018-11-28 11:35:43.629  INFO 4884 --- [main] o.hibernate.jpa.internal.util.LogHelper  : HHH000204: Processing PersistenceUnitInfo [
	name: default
	...]
2018-11-28 11:35:43.707  INFO 4884 --- [main] org.hibernate.Version                    : HHH000412: Hibernate Core {5.3.7.Final}
2018-11-28 11:35:43.722  INFO 4884 --- [main] org.hibernate.cfg.Environment            : HHH000206: hibernate.properties not found
2018-11-28 11:35:43.910  INFO 4884 --- [main] o.hibernate.annotations.common.Version   : HCANN000001: Hibernate Commons Annotations {5.0.4.Final}
2018-11-28 11:35:44.144  INFO 4884 --- [main] org.hibernate.dialect.Dialect            : HHH000400: Using dialect: org.hibernate.dialect.H2Dialect
2018-11-28 11:35:44.973  INFO 4884 --- [main] o.h.t.schema.internal.SchemaCreatorImpl  : HHH000476: Executing import script 'org.hibernate.tool.schema.internal.exec.ScriptSourceInputNonExistentImpl@46a795de'
2018-11-28 11:35:44.989  INFO 4884 --- [main] j.LocalContainerEntityManagerFactoryBean : Initialized JPA EntityManagerFactory for persistence unit 'default'
2018-11-28 11:35:46.623  INFO 4884 --- [main] o.s.s.concurrent.ThreadPoolTaskExecutor  : Initializing ExecutorService 'applicationTaskExecutor'
2018-11-28 11:35:46.717  WARN 4884 --- [main] aWebConfiguration$JpaWebMvcConfiguration : spring.jpa.open-in-view is enabled by default. Therefore, database queries may be performed during view rendering. Explicitly configure spring.jpa.open-in-view to disable this warning
2018-11-28 11:35:47.202  INFO 4884 --- [main] a.h.HonorrollRssApplicationTests         : Started HonorrollRssApplicationTests in 6.241 seconds (JVM running for 7.552)
2018-11-28 11:35:47.459  INFO 4884 --- [main] o.h.h.i.QueryTranslatorFactoryInitiator  : HHH000397: Using ASTQueryTranslatorFactory
2018-11-28 11:35:49.406  INFO 4884 --- [Thread-2] o.s.s.concurrent.ThreadPoolTaskExecutor  : Shutting down ExecutorService 'applicationTaskExecutor'
2018-11-28 11:35:49.406  INFO 4884 --- [Thread-2] j.LocalContainerEntityManagerFactoryBean : Closing JPA EntityManagerFactory for persistence unit 'default'
2018-11-28 11:35:49.406  INFO 4884 --- [Thread-2] .SchemaDropperImpl$DelayedDropActionImpl : HHH000477: Starting delayed evictData of schema as part of SessionFactory shut-down'
2018-11-28 11:35:49.422  INFO 4884 --- [Thread-2] com.zaxxer.hikari.HikariDataSource       : HikariPool-1 - Shutdown initiated...
2018-11-28 11:35:49.422  INFO 4884 --- [Thread-2] com.zaxxer.hikari.HikariDataSource       : HikariPool-1 - Shutdown completed.
2018-11-28 11:37:12.146  WARN 5936 --- [main] ory$DuplicateJsonObjectContextCustomizer : 

Found multiple occurrences of org.json.JSONObject on the class path:

	jar:file:/C:/Users/user/.m2/repository/com/vaadin/external/google/android-json/0.0.20131108.vaadin1/android-json-0.0.20131108.vaadin1.jar!/org/json/JSONObject.class
	jar:file:/C:/Users/user/.m2/repository/org/json/json/20140107/json-20140107.jar!/org/json/JSONObject.class

You may wish to exclude one of them to ensure predictable runtime behavior

2018-11-28 11:37:12.162  INFO 5936 --- [main] a.h.HonorrollRssApplicationTests         : Starting HonorrollRssApplicationTests on igogo with PID 5936 (started by user in C:\Users\user\Documents\Projects\honorroll-rss)
2018-11-28 11:37:12.162  INFO 5936 --- [main] a.h.HonorrollRssApplicationTests         : No active profile set, falling back to default profiles: default
2018-11-28 11:37:13.443  INFO 5936 --- [main] .s.d.r.c.RepositoryConfigurationDelegate : Bootstrapping Spring Data repositories in DEFAULT mode.
2018-11-28 11:37:13.506  INFO 5936 --- [main] .s.d.r.c.RepositoryConfigurationDelegate : Finished Spring Data repository scanning in 63ms. Found 1 repository interfaces.
2018-11-28 11:37:13.994  INFO 5936 --- [main] trationDelegate$BeanPostProcessorChecker : Bean 'org.springframework.transaction.annotation.ProxyTransactionManagementConfiguration' of type [org.springframework.transaction.annotation.ProxyTransactionManagementConfiguration$$EnhancerBySpringCGLIB$$7d9a8f4] is not eligible for getting processed by all BeanPostProcessors (for example: not eligible for auto-proxying)
2018-11-28 11:37:14.244  INFO 5936 --- [main] com.zaxxer.hikari.HikariDataSource       : HikariPool-1 - Starting...
2018-11-28 11:37:14.494  INFO 5936 --- [main] com.zaxxer.hikari.HikariDataSource       : HikariPool-1 - Start completed.
2018-11-28 11:37:14.589  INFO 5936 --- [main] o.hibernate.jpa.internal.util.LogHelper  : HHH000204: Processing PersistenceUnitInfo [
	name: default
	...]
2018-11-28 11:37:14.682  INFO 5936 --- [main] org.hibernate.Version                    : HHH000412: Hibernate Core {5.3.7.Final}
2018-11-28 11:37:14.682  INFO 5936 --- [main] org.hibernate.cfg.Environment            : HHH000206: hibernate.properties not found
2018-11-28 11:37:14.855  INFO 5936 --- [main] o.hibernate.annotations.common.Version   : HCANN000001: Hibernate Commons Annotations {5.0.4.Final}
2018-11-28 11:37:15.120  INFO 5936 --- [main] org.hibernate.dialect.Dialect            : HHH000400: Using dialect: org.hibernate.dialect.H2Dialect
2018-11-28 11:37:15.823  INFO 5936 --- [main] o.h.t.schema.internal.SchemaCreatorImpl  : HHH000476: Executing import script 'org.hibernate.tool.schema.internal.exec.ScriptSourceInputNonExistentImpl@6f731759'
2018-11-28 11:37:15.823  INFO 5936 --- [main] j.LocalContainerEntityManagerFactoryBean : Initialized JPA EntityManagerFactory for persistence unit 'default'
2018-11-28 11:37:17.241  INFO 5936 --- [main] o.s.s.concurrent.ThreadPoolTaskExecutor  : Initializing ExecutorService 'applicationTaskExecutor'
2018-11-28 11:37:17.319  WARN 5936 --- [main] aWebConfiguration$JpaWebMvcConfiguration : spring.jpa.open-in-view is enabled by default. Therefore, database queries may be performed during view rendering. Explicitly configure spring.jpa.open-in-view to disable this warning
2018-11-28 11:37:17.976  INFO 5936 --- [main] a.h.HonorrollRssApplicationTests         : Started HonorrollRssApplicationTests in 6.642 seconds (JVM running for 8.022)
2018-11-28 11:37:18.257  INFO 5936 --- [main] o.h.h.i.QueryTranslatorFactoryInitiator  : HHH000397: Using ASTQueryTranslatorFactory
2018-11-28 11:37:20.284  INFO 5936 --- [Thread-2] o.s.s.concurrent.ThreadPoolTaskExecutor  : Shutting down ExecutorService 'applicationTaskExecutor'
2018-11-28 11:37:20.284  INFO 5936 --- [Thread-2] j.LocalContainerEntityManagerFactoryBean : Closing JPA EntityManagerFactory for persistence unit 'default'
2018-11-28 11:37:20.284  INFO 5936 --- [Thread-2] .SchemaDropperImpl$DelayedDropActionImpl : HHH000477: Starting delayed evictData of schema as part of SessionFactory shut-down'
2018-11-28 11:37:20.300  INFO 5936 --- [Thread-2] com.zaxxer.hikari.HikariDataSource       : HikariPool-1 - Shutdown initiated...
2018-11-28 11:37:20.300  INFO 5936 --- [Thread-2] com.zaxxer.hikari.HikariDataSource       : HikariPool-1 - Shutdown completed.
2018-11-28 20:23:36.783  WARN 8604 --- [main] ory$DuplicateJsonObjectContextCustomizer : 

Found multiple occurrences of org.json.JSONObject on the class path:

	jar:file:/C:/Users/user/.m2/repository/com/vaadin/external/google/android-json/0.0.20131108.vaadin1/android-json-0.0.20131108.vaadin1.jar!/org/json/JSONObject.class
	jar:file:/C:/Users/user/.m2/repository/org/json/json/20140107/json-20140107.jar!/org/json/JSONObject.class

You may wish to exclude one of them to ensure predictable runtime behavior

2018-11-28 20:23:36.814  INFO 8604 --- [main] a.h.HonorrollRssApplicationTests         : Starting HonorrollRssApplicationTests on igogo with PID 8604 (started by user in C:\Users\user\Documents\Projects\honorroll-rss)
2018-11-28 20:23:36.814  INFO 8604 --- [main] a.h.HonorrollRssApplicationTests         : No active profile set, falling back to default profiles: default
2018-11-28 20:23:37.736  INFO 8604 --- [main] .s.d.r.c.RepositoryConfigurationDelegate : Bootstrapping Spring Data repositories in DEFAULT mode.
2018-11-28 20:23:37.814  INFO 8604 --- [main] .s.d.r.c.RepositoryConfigurationDelegate : Finished Spring Data repository scanning in 63ms. Found 1 repository interfaces.
2018-11-28 20:23:38.272  INFO 8604 --- [main] trationDelegate$BeanPostProcessorChecker : Bean 'org.springframework.transaction.annotation.ProxyTransactionManagementConfiguration' of type [org.springframework.transaction.annotation.ProxyTransactionManagementConfiguration$$EnhancerBySpringCGLIB$$9462a61b] is not eligible for getting processed by all BeanPostProcessors (for example: not eligible for auto-proxying)
2018-11-28 20:23:38.507  INFO 8604 --- [main] com.zaxxer.hikari.HikariDataSource       : HikariPool-1 - Starting...
2018-11-28 20:23:38.790  INFO 8604 --- [main] com.zaxxer.hikari.HikariDataSource       : HikariPool-1 - Start completed.
2018-11-28 20:23:38.883  INFO 8604 --- [main] o.hibernate.jpa.internal.util.LogHelper  : HHH000204: Processing PersistenceUnitInfo [
	name: default
	...]
2018-11-28 20:23:39.000  INFO 8604 --- [main] org.hibernate.Version                    : HHH000412: Hibernate Core {5.3.7.Final}
2018-11-28 20:23:39.000  INFO 8604 --- [main] org.hibernate.cfg.Environment            : HHH000206: hibernate.properties not found
2018-11-28 20:23:39.191  INFO 8604 --- [main] o.hibernate.annotations.common.Version   : HCANN000001: Hibernate Commons Annotations {5.0.4.Final}
2018-11-28 20:23:39.425  INFO 8604 --- [main] org.hibernate.dialect.Dialect            : HHH000400: Using dialect: org.hibernate.dialect.H2Dialect
2018-11-28 20:23:40.177  INFO 8604 --- [main] o.h.t.schema.internal.SchemaCreatorImpl  : HHH000476: Executing import script 'org.hibernate.tool.schema.internal.exec.ScriptSourceInputNonExistentImpl@7a83ccd2'
2018-11-28 20:23:40.192  INFO 8604 --- [main] j.LocalContainerEntityManagerFactoryBean : Initialized JPA EntityManagerFactory for persistence unit 'default'
2018-11-28 20:23:42.075  INFO 8604 --- [main] o.s.s.concurrent.ThreadPoolTaskExecutor  : Initializing ExecutorService 'applicationTaskExecutor'
2018-11-28 20:23:42.153  WARN 8604 --- [main] aWebConfiguration$JpaWebMvcConfiguration : spring.jpa.open-in-view is enabled by default. Therefore, database queries may be performed during view rendering. Explicitly configure spring.jpa.open-in-view to disable this warning
2018-11-28 20:23:42.787  INFO 8604 --- [main] a.h.HonorrollRssApplicationTests         : Started HonorrollRssApplicationTests in 6.379 seconds (JVM running for 11.899)
2018-11-28 20:23:43.209  INFO 8604 --- [main] o.h.h.i.QueryTranslatorFactoryInitiator  : HHH000397: Using ASTQueryTranslatorFactory
2018-11-28 20:23:46.388  INFO 8604 --- [Thread-2] o.s.s.concurrent.ThreadPoolTaskExecutor  : Shutting down ExecutorService 'applicationTaskExecutor'
2018-11-28 20:23:46.388  INFO 8604 --- [Thread-2] j.LocalContainerEntityManagerFactoryBean : Closing JPA EntityManagerFactory for persistence unit 'default'
2018-11-28 20:23:46.388  INFO 8604 --- [Thread-2] .SchemaDropperImpl$DelayedDropActionImpl : HHH000477: Starting delayed evictData of schema as part of SessionFactory shut-down'
2018-11-28 20:23:46.388  INFO 8604 --- [Thread-2] com.zaxxer.hikari.HikariDataSource       : HikariPool-1 - Shutdown initiated...
2018-11-28 20:23:46.388  INFO 8604 --- [Thread-2] com.zaxxer.hikari.HikariDataSource       : HikariPool-1 - Shutdown completed.
2018-11-28 20:25:02.841  INFO 9664 --- [main] a.honorrollrss.HonorrollRssApplication   : Starting HonorrollRssApplication on igogo with PID 9664 (C:\Users\user\Documents\Projects\honorroll-rss\target\classes started by user in C:\Users\user\Documents\Projects\honorroll-rss)
2018-11-28 20:25:02.841  INFO 9664 --- [main] a.honorrollrss.HonorrollRssApplication   : No active profile set, falling back to default profiles: default
2018-11-28 20:25:03.969  INFO 9664 --- [main] .s.d.r.c.RepositoryConfigurationDelegate : Bootstrapping Spring Data repositories in DEFAULT mode.
2018-11-28 20:25:04.063  INFO 9664 --- [main] .s.d.r.c.RepositoryConfigurationDelegate : Finished Spring Data repository scanning in 79ms. Found 1 repository interfaces.
2018-11-28 20:25:04.851  INFO 9664 --- [main] trationDelegate$BeanPostProcessorChecker : Bean 'org.springframework.transaction.annotation.ProxyTransactionManagementConfiguration' of type [org.springframework.transaction.annotation.ProxyTransactionManagementConfiguration$$EnhancerBySpringCGLIB$$244eb82d] is not eligible for getting processed by all BeanPostProcessors (for example: not eligible for auto-proxying)
2018-11-28 20:25:05.916  INFO 9664 --- [main] o.s.b.w.embedded.tomcat.TomcatWebServer  : Tomcat initialized with port(s): 80 (http)
2018-11-28 20:25:05.947  INFO 9664 --- [main] o.apache.catalina.core.StandardService   : Starting service [Tomcat]
2018-11-28 20:25:05.947  INFO 9664 --- [main] org.apache.catalina.core.StandardEngine  : Starting Servlet Engine: Apache Tomcat/9.0.12
2018-11-28 20:25:06.104  INFO 9664 --- [main] o.a.catalina.core.AprLifecycleListener   : The APR based Apache Tomcat Native library which allows optimal performance in production environments was not found on the java.library.path: [C:\Program Files\Zulu\zulu-8\bin;C:\Windows\Sun\Java\bin;C:\Windows\system32;C:\Windows;C:\Python27\;C:\Python27\Scripts;C:\ProgramData\Boxstarter;C:\Windows\system32;C:\Windows;C:\Windows\System32\Wbem;C:\Windows\System32\WindowsPowerShell\v1.0\;C:\Windows\System32\OpenSSH\;C:\Program Files\Zulu\zulu-8\bin\;C:\Program Files\nodejs\;C:\ProgramData\chocolatey\bin;C:\HashiCorp\Vagrant\bin;C:\Users\user\AppData\Local\Microsoft\WindowsApps;;C:\Users\user\AppData\Local\Programs\Microsoft VS Code\bin;C:\Users\user\AppData\Roaming\npm;.]
2018-11-28 20:25:06.291  INFO 9664 --- [main] o.a.c.c.C.[Tomcat].[localhost].[/]       : Initializing Spring embedded WebApplicationContext
2018-11-28 20:25:06.291  INFO 9664 --- [main] o.s.web.context.ContextLoader            : Root WebApplicationContext: initialization completed in 3387 ms
2018-11-28 20:25:06.338  INFO 9664 --- [main] o.s.b.w.servlet.ServletRegistrationBean  : Servlet dispatcherServlet mapped to [/]
2018-11-28 20:25:06.338  INFO 9664 --- [main] o.s.b.w.servlet.FilterRegistrationBean   : Mapping filter: 'characterEncodingFilter' to: [/*]
2018-11-28 20:25:06.338  INFO 9664 --- [main] o.s.b.w.servlet.FilterRegistrationBean   : Mapping filter: 'hiddenHttpMethodFilter' to: [/*]
2018-11-28 20:25:06.338  INFO 9664 --- [main] o.s.b.w.servlet.FilterRegistrationBean   : Mapping filter: 'formContentFilter' to: [/*]
2018-11-28 20:25:06.338  INFO 9664 --- [main] o.s.b.w.servlet.FilterRegistrationBean   : Mapping filter: 'requestContextFilter' to: [/*]
2018-11-28 20:25:06.635  INFO 9664 --- [main] com.zaxxer.hikari.HikariDataSource       : HikariPool-1 - Starting...
2018-11-28 20:25:06.901  INFO 9664 --- [main] com.zaxxer.hikari.HikariDataSource       : HikariPool-1 - Start completed.
2018-11-28 20:25:06.979  INFO 9664 --- [main] o.hibernate.jpa.internal.util.LogHelper  : HHH000204: Processing PersistenceUnitInfo [
	name: default
	...]
2018-11-28 20:25:07.098  INFO 9664 --- [main] org.hibernate.Version                    : HHH000412: Hibernate Core {5.3.7.Final}
2018-11-28 20:25:07.098  INFO 9664 --- [main] org.hibernate.cfg.Environment            : HHH000206: hibernate.properties not found
2018-11-28 20:25:07.317  INFO 9664 --- [main] o.hibernate.annotations.common.Version   : HCANN000001: Hibernate Commons Annotations {5.0.4.Final}
2018-11-28 20:25:07.536  INFO 9664 --- [main] org.hibernate.dialect.Dialect            : HHH000400: Using dialect: org.hibernate.dialect.H2Dialect
2018-11-28 20:25:08.740  INFO 9664 --- [main] o.h.t.schema.internal.SchemaCreatorImpl  : HHH000476: Executing import script 'org.hibernate.tool.schema.internal.exec.ScriptSourceInputNonExistentImpl@a1691c0'
2018-11-28 20:25:08.740  INFO 9664 --- [main] j.LocalContainerEntityManagerFactoryBean : Initialized JPA EntityManagerFactory for persistence unit 'default'
2018-11-28 20:25:10.475  INFO 9664 --- [main] o.s.s.concurrent.ThreadPoolTaskExecutor  : Initializing ExecutorService 'applicationTaskExecutor'
2018-11-28 20:25:10.929  WARN 9664 --- [main] aWebConfiguration$JpaWebMvcConfiguration : spring.jpa.open-in-view is enabled by default. Therefore, database queries may be performed during view rendering. Explicitly configure spring.jpa.open-in-view to disable this warning
2018-11-28 20:25:11.401  INFO 9664 --- [main] o.s.b.w.embedded.tomcat.TomcatWebServer  : Tomcat started on port(s): 80 (http) with context path ''
2018-11-28 20:25:11.401  INFO 9664 --- [main] a.honorrollrss.HonorrollRssApplication   : Started HonorrollRssApplication in 9.145 seconds (JVM running for 9.854)
2018-11-28 20:25:11.576  INFO 9664 --- [main] o.h.h.i.QueryTranslatorFactoryInitiator  : HHH000397: Using ASTQueryTranslatorFactory
2018-11-28 20:25:13.625  INFO 9664 --- [main] o.s.s.concurrent.ThreadPoolTaskExecutor  : Shutting down ExecutorService 'applicationTaskExecutor'
2018-11-28 20:25:13.641  INFO 9664 --- [main] j.LocalContainerEntityManagerFactoryBean : Closing JPA EntityManagerFactory for persistence unit 'default'
2018-11-28 20:25:13.657  INFO 9664 --- [main] .SchemaDropperImpl$DelayedDropActionImpl : HHH000477: Starting delayed evictData of schema as part of SessionFactory shut-down'
2018-11-28 20:25:13.672  INFO 9664 --- [main] com.zaxxer.hikari.HikariDataSource       : HikariPool-1 - Shutdown initiated...
2018-11-28 20:25:13.688  INFO 9664 --- [main] com.zaxxer.hikari.HikariDataSource       : HikariPool-1 - Shutdown completed.
2018-11-28 20:25:34.075  WARN 6724 --- [main] ory$DuplicateJsonObjectContextCustomizer : 

Found multiple occurrences of org.json.JSONObject on the class path:

	jar:file:/C:/Users/user/.m2/repository/com/vaadin/external/google/android-json/0.0.20131108.vaadin1/android-json-0.0.20131108.vaadin1.jar!/org/json/JSONObject.class
	jar:file:/C:/Users/user/.m2/repository/org/json/json/20140107/json-20140107.jar!/org/json/JSONObject.class

You may wish to exclude one of them to ensure predictable runtime behavior

2018-11-28 20:25:34.090  INFO 6724 --- [main] a.h.HonorrollRssApplicationTests         : Starting HonorrollRssApplicationTests on igogo with PID 6724 (started by user in C:\Users\user\Documents\Projects\honorroll-rss)
2018-11-28 20:25:34.090  INFO 6724 --- [main] a.h.HonorrollRssApplicationTests         : No active profile set, falling back to default profiles: default
2018-11-28 20:25:35.038  INFO 6724 --- [main] .s.d.r.c.RepositoryConfigurationDelegate : Bootstrapping Spring Data repositories in DEFAULT mode.
2018-11-28 20:25:35.117  INFO 6724 --- [main] .s.d.r.c.RepositoryConfigurationDelegate : Finished Spring Data repository scanning in 63ms. Found 1 repository interfaces.
2018-11-28 20:25:35.594  INFO 6724 --- [main] trationDelegate$BeanPostProcessorChecker : Bean 'org.springframework.transaction.annotation.ProxyTransactionManagementConfiguration' of type [org.springframework.transaction.annotation.ProxyTransactionManagementConfiguration$$EnhancerBySpringCGLIB$$56b247ed] is not eligible for getting processed by all BeanPostProcessors (for example: not eligible for auto-proxying)
2018-11-28 20:25:35.844  INFO 6724 --- [main] com.zaxxer.hikari.HikariDataSource       : HikariPool-1 - Starting...
2018-11-28 20:25:36.095  INFO 6724 --- [main] com.zaxxer.hikari.HikariDataSource       : HikariPool-1 - Start completed.
2018-11-28 20:25:36.205  INFO 6724 --- [main] o.hibernate.jpa.internal.util.LogHelper  : HHH000204: Processing PersistenceUnitInfo [
	name: default
	...]
2018-11-28 20:25:36.315  INFO 6724 --- [main] org.hibernate.Version                    : HHH000412: Hibernate Core {5.3.7.Final}
2018-11-28 20:25:36.315  INFO 6724 --- [main] org.hibernate.cfg.Environment            : HHH000206: hibernate.properties not found
2018-11-28 20:25:36.567  INFO 6724 --- [main] o.hibernate.annotations.common.Version   : HCANN000001: Hibernate Commons Annotations {5.0.4.Final}
2018-11-28 20:25:36.832  INFO 6724 --- [main] org.hibernate.dialect.Dialect            : HHH000400: Using dialect: org.hibernate.dialect.H2Dialect
2018-11-28 20:25:37.573  INFO 6724 --- [main] o.h.t.schema.internal.SchemaCreatorImpl  : HHH000476: Executing import script 'org.hibernate.tool.schema.internal.exec.ScriptSourceInputNonExistentImpl@29f3c438'
2018-11-28 20:25:37.573  INFO 6724 --- [main] j.LocalContainerEntityManagerFactoryBean : Initialized JPA EntityManagerFactory for persistence unit 'default'
2018-11-28 20:25:39.315  INFO 6724 --- [main] o.s.s.concurrent.ThreadPoolTaskExecutor  : Initializing ExecutorService 'applicationTaskExecutor'
2018-11-28 20:25:39.394  WARN 6724 --- [main] aWebConfiguration$JpaWebMvcConfiguration : spring.jpa.open-in-view is enabled by default. Therefore, database queries may be performed during view rendering. Explicitly configure spring.jpa.open-in-view to disable this warning
2018-11-28 20:25:39.896  INFO 6724 --- [main] a.h.HonorrollRssApplicationTests         : Started HonorrollRssApplicationTests in 6.2 seconds (JVM running for 7.174)
2018-11-28 20:25:40.240  INFO 6724 --- [main] o.h.h.i.QueryTranslatorFactoryInitiator  : HHH000397: Using ASTQueryTranslatorFactory
2018-11-28 20:25:42.305  INFO 6724 --- [Thread-2] o.s.s.concurrent.ThreadPoolTaskExecutor  : Shutting down ExecutorService 'applicationTaskExecutor'
2018-11-28 20:25:42.305  INFO 6724 --- [Thread-2] j.LocalContainerEntityManagerFactoryBean : Closing JPA EntityManagerFactory for persistence unit 'default'
2018-11-28 20:25:42.321  INFO 6724 --- [Thread-2] .SchemaDropperImpl$DelayedDropActionImpl : HHH000477: Starting delayed evictData of schema as part of SessionFactory shut-down'
2018-11-28 20:25:42.321  INFO 6724 --- [Thread-2] com.zaxxer.hikari.HikariDataSource       : HikariPool-1 - Shutdown initiated...
2018-11-28 20:25:42.321  INFO 6724 --- [Thread-2] com.zaxxer.hikari.HikariDataSource       : HikariPool-1 - Shutdown completed.
